<?xml version="1.0" encoding="UTF-8"?>
<testsuite xmlns:xsi="http://www.w3.org/2001/XMLSchema-instance" xsi:noNamespaceSchemaLocation="https://maven.apache.org/surefire/maven-surefire-plugin/xsd/surefire-test-report.xsd" version="3.0.2" name="com.example.SpringbootMybatisCrudApplicationTests" time="1.699" tests="2" errors="1" skipped="0" failures="0">
  <properties>
    <property name="java.specification.version" value="21"/>
    <property name="sun.cpu.isalist" value="amd64"/>
    <property name="sun.jnu.encoding" value="GBK"/>
    <property name="java.class.path" value="D:\workspace\projects\itheima_web_project\springboot-mybatis-crud\target\test-classes;D:\workspace\projects\itheima_web_project\springboot-mybatis-crud\target\classes;D:\software\maven\apache-maven-3.9.6-bin\apache-maven-3.9.6\maven_repo\org\mybatis\spring\boot\mybatis-spring-boot-starter\3.0.4\mybatis-spring-boot-starter-3.0.4.jar;D:\software\maven\apache-maven-3.9.6-bin\apache-maven-3.9.6\maven_repo\org\springframework\boot\spring-boot-starter\3.4.3\spring-boot-starter-3.4.3.jar;D:\software\maven\apache-maven-3.9.6-bin\apache-maven-3.9.6\maven_repo\org\springframework\boot\spring-boot\3.4.3\spring-boot-3.4.3.jar;D:\software\maven\apache-maven-3.9.6-bin\apache-maven-3.9.6\maven_repo\org\springframework\spring-context\6.2.3\spring-context-6.2.3.jar;D:\software\maven\apache-maven-3.9.6-bin\apache-maven-3.9.6\maven_repo\org\springframework\spring-aop\6.2.3\spring-aop-6.2.3.jar;D:\software\maven\apache-maven-3.9.6-bin\apache-maven-3.9.6\maven_repo\org\springframework\spring-expression\6.2.3\spring-expression-6.2.3.jar;D:\software\maven\apache-maven-3.9.6-bin\apache-maven-3.9.6\maven_repo\io\micrometer\micrometer-observation\1.14.4\micrometer-observation-1.14.4.jar;D:\software\maven\apache-maven-3.9.6-bin\apache-maven-3.9.6\maven_repo\io\micrometer\micrometer-commons\1.14.4\micrometer-commons-1.14.4.jar;D:\software\maven\apache-maven-3.9.6-bin\apache-maven-3.9.6\maven_repo\org\springframework\boot\spring-boot-autoconfigure\3.4.3\spring-boot-autoconfigure-3.4.3.jar;D:\software\maven\apache-maven-3.9.6-bin\apache-maven-3.9.6\maven_repo\org\springframework\boot\spring-boot-starter-logging\3.4.3\spring-boot-starter-logging-3.4.3.jar;D:\software\maven\apache-maven-3.9.6-bin\apache-maven-3.9.6\maven_repo\ch\qos\logback\logback-classic\1.5.16\logback-classic-1.5.16.jar;D:\software\maven\apache-maven-3.9.6-bin\apache-maven-3.9.6\maven_repo\ch\qos\logback\logback-core\1.5.16\logback-core-1.5.16.jar;D:\software\maven\apache-maven-3.9.6-bin\apache-maven-3.9.6\maven_repo\org\apache\logging\log4j\log4j-to-slf4j\2.24.3\log4j-to-slf4j-2.24.3.jar;D:\software\maven\apache-maven-3.9.6-bin\apache-maven-3.9.6\maven_repo\org\apache\logging\log4j\log4j-api\2.24.3\log4j-api-2.24.3.jar;D:\software\maven\apache-maven-3.9.6-bin\apache-maven-3.9.6\maven_repo\org\slf4j\jul-to-slf4j\2.0.16\jul-to-slf4j-2.0.16.jar;D:\software\maven\apache-maven-3.9.6-bin\apache-maven-3.9.6\maven_repo\jakarta\annotation\jakarta.annotation-api\2.1.1\jakarta.annotation-api-2.1.1.jar;D:\software\maven\apache-maven-3.9.6-bin\apache-maven-3.9.6\maven_repo\org\yaml\snakeyaml\2.3\snakeyaml-2.3.jar;D:\software\maven\apache-maven-3.9.6-bin\apache-maven-3.9.6\maven_repo\org\springframework\boot\spring-boot-starter-jdbc\3.4.3\spring-boot-starter-jdbc-3.4.3.jar;D:\software\maven\apache-maven-3.9.6-bin\apache-maven-3.9.6\maven_repo\com\zaxxer\HikariCP\5.1.0\HikariCP-5.1.0.jar;D:\software\maven\apache-maven-3.9.6-bin\apache-maven-3.9.6\maven_repo\org\springframework\spring-jdbc\6.2.3\spring-jdbc-6.2.3.jar;D:\software\maven\apache-maven-3.9.6-bin\apache-maven-3.9.6\maven_repo\org\springframework\spring-beans\6.2.3\spring-beans-6.2.3.jar;D:\software\maven\apache-maven-3.9.6-bin\apache-maven-3.9.6\maven_repo\org\mybatis\spring\boot\mybatis-spring-boot-autoconfigure\3.0.4\mybatis-spring-boot-autoconfigure-3.0.4.jar;D:\software\maven\apache-maven-3.9.6-bin\apache-maven-3.9.6\maven_repo\org\mybatis\mybatis\3.5.17\mybatis-3.5.17.jar;D:\software\maven\apache-maven-3.9.6-bin\apache-maven-3.9.6\maven_repo\org\mybatis\mybatis-spring\3.0.4\mybatis-spring-3.0.4.jar;D:\software\maven\apache-maven-3.9.6-bin\apache-maven-3.9.6\maven_repo\com\mysql\mysql-connector-j\9.1.0\mysql-connector-j-9.1.0.jar;D:\software\maven\apache-maven-3.9.6-bin\apache-maven-3.9.6\maven_repo\org\projectlombok\lombok\1.18.36\lombok-1.18.36.jar;D:\software\maven\apache-maven-3.9.6-bin\apache-maven-3.9.6\maven_repo\org\springframework\boot\spring-boot-starter-test\3.4.3\spring-boot-starter-test-3.4.3.jar;D:\software\maven\apache-maven-3.9.6-bin\apache-maven-3.9.6\maven_repo\org\springframework\boot\spring-boot-test\3.4.3\spring-boot-test-3.4.3.jar;D:\software\maven\apache-maven-3.9.6-bin\apache-maven-3.9.6\maven_repo\org\springframework\boot\spring-boot-test-autoconfigure\3.4.3\spring-boot-test-autoconfigure-3.4.3.jar;D:\software\maven\apache-maven-3.9.6-bin\apache-maven-3.9.6\maven_repo\com\jayway\jsonpath\json-path\2.9.0\json-path-2.9.0.jar;D:\software\maven\apache-maven-3.9.6-bin\apache-maven-3.9.6\maven_repo\org\slf4j\slf4j-api\2.0.16\slf4j-api-2.0.16.jar;D:\software\maven\apache-maven-3.9.6-bin\apache-maven-3.9.6\maven_repo\jakarta\xml\bind\jakarta.xml.bind-api\4.0.2\jakarta.xml.bind-api-4.0.2.jar;D:\software\maven\apache-maven-3.9.6-bin\apache-maven-3.9.6\maven_repo\jakarta\activation\jakarta.activation-api\2.1.3\jakarta.activation-api-2.1.3.jar;D:\software\maven\apache-maven-3.9.6-bin\apache-maven-3.9.6\maven_repo\net\minidev\json-smart\2.5.2\json-smart-2.5.2.jar;D:\software\maven\apache-maven-3.9.6-bin\apache-maven-3.9.6\maven_repo\net\minidev\accessors-smart\2.5.2\accessors-smart-2.5.2.jar;D:\software\maven\apache-maven-3.9.6-bin\apache-maven-3.9.6\maven_repo\org\ow2\asm\asm\9.7.1\asm-9.7.1.jar;D:\software\maven\apache-maven-3.9.6-bin\apache-maven-3.9.6\maven_repo\org\assertj\assertj-core\3.26.3\assertj-core-3.26.3.jar;D:\software\maven\apache-maven-3.9.6-bin\apache-maven-3.9.6\maven_repo\net\bytebuddy\byte-buddy\1.15.11\byte-buddy-1.15.11.jar;D:\software\maven\apache-maven-3.9.6-bin\apache-maven-3.9.6\maven_repo\org\awaitility\awaitility\4.2.2\awaitility-4.2.2.jar;D:\software\maven\apache-maven-3.9.6-bin\apache-maven-3.9.6\maven_repo\org\hamcrest\hamcrest\2.2\hamcrest-2.2.jar;D:\software\maven\apache-maven-3.9.6-bin\apache-maven-3.9.6\maven_repo\org\junit\jupiter\junit-jupiter\5.11.4\junit-jupiter-5.11.4.jar;D:\software\maven\apache-maven-3.9.6-bin\apache-maven-3.9.6\maven_repo\org\junit\jupiter\junit-jupiter-api\5.11.4\junit-jupiter-api-5.11.4.jar;D:\software\maven\apache-maven-3.9.6-bin\apache-maven-3.9.6\maven_repo\org\opentest4j\opentest4j\1.3.0\opentest4j-1.3.0.jar;D:\software\maven\apache-maven-3.9.6-bin\apache-maven-3.9.6\maven_repo\org\junit\platform\junit-platform-commons\1.11.4\junit-platform-commons-1.11.4.jar;D:\software\maven\apache-maven-3.9.6-bin\apache-maven-3.9.6\maven_repo\org\apiguardian\apiguardian-api\1.1.2\apiguardian-api-1.1.2.jar;D:\software\maven\apache-maven-3.9.6-bin\apache-maven-3.9.6\maven_repo\org\junit\jupiter\junit-jupiter-params\5.11.4\junit-jupiter-params-5.11.4.jar;D:\software\maven\apache-maven-3.9.6-bin\apache-maven-3.9.6\maven_repo\org\junit\jupiter\junit-jupiter-engine\5.11.4\junit-jupiter-engine-5.11.4.jar;D:\software\maven\apache-maven-3.9.6-bin\apache-maven-3.9.6\maven_repo\org\junit\platform\junit-platform-engine\1.11.4\junit-platform-engine-1.11.4.jar;D:\software\maven\apache-maven-3.9.6-bin\apache-maven-3.9.6\maven_repo\org\mockito\mockito-core\5.14.2\mockito-core-5.14.2.jar;D:\software\maven\apache-maven-3.9.6-bin\apache-maven-3.9.6\maven_repo\net\bytebuddy\byte-buddy-agent\1.15.11\byte-buddy-agent-1.15.11.jar;D:\software\maven\apache-maven-3.9.6-bin\apache-maven-3.9.6\maven_repo\org\objenesis\objenesis\3.3\objenesis-3.3.jar;D:\software\maven\apache-maven-3.9.6-bin\apache-maven-3.9.6\maven_repo\org\mockito\mockito-junit-jupiter\5.14.2\mockito-junit-jupiter-5.14.2.jar;D:\software\maven\apache-maven-3.9.6-bin\apache-maven-3.9.6\maven_repo\org\skyscreamer\jsonassert\1.5.3\jsonassert-1.5.3.jar;D:\software\maven\apache-maven-3.9.6-bin\apache-maven-3.9.6\maven_repo\com\vaadin\external\google\android-json\0.0.20131108.vaadin1\android-json-0.0.20131108.vaadin1.jar;D:\software\maven\apache-maven-3.9.6-bin\apache-maven-3.9.6\maven_repo\org\springframework\spring-core\6.2.3\spring-core-6.2.3.jar;D:\software\maven\apache-maven-3.9.6-bin\apache-maven-3.9.6\maven_repo\org\springframework\spring-jcl\6.2.3\spring-jcl-6.2.3.jar;D:\software\maven\apache-maven-3.9.6-bin\apache-maven-3.9.6\maven_repo\org\springframework\spring-test\6.2.3\spring-test-6.2.3.jar;D:\software\maven\apache-maven-3.9.6-bin\apache-maven-3.9.6\maven_repo\org\xmlunit\xmlunit-core\2.10.0\xmlunit-core-2.10.0.jar;D:\software\maven\apache-maven-3.9.6-bin\apache-maven-3.9.6\maven_repo\org\mybatis\spring\boot\mybatis-spring-boot-starter-test\3.0.4\mybatis-spring-boot-starter-test-3.0.4.jar;D:\software\maven\apache-maven-3.9.6-bin\apache-maven-3.9.6\maven_repo\org\mybatis\spring\boot\mybatis-spring-boot-test-autoconfigure\3.0.4\mybatis-spring-boot-test-autoconfigure-3.0.4.jar;D:\software\maven\apache-maven-3.9.6-bin\apache-maven-3.9.6\maven_repo\org\springframework\spring-tx\6.2.3\spring-tx-6.2.3.jar;"/>
    <property name="java.vm.vendor" value="Oracle Corporation"/>
    <property name="sun.arch.data.model" value="64"/>
    <property name="user.variant" value=""/>
    <property name="java.vendor.url" value="https://java.oracle.com/"/>
    <property name="user.timezone" value="Asia/Shanghai"/>
    <property name="os.name" value="Windows 11"/>
    <property name="java.vm.specification.version" value="21"/>
    <property name="APPLICATION_NAME" value="springboot-mybatis-quickstart"/>
    <property name="sun.java.launcher" value="SUN_STANDARD"/>
    <property name="user.country" value="CN"/>
    <property name="sun.boot.library.path" value="C:\Users\PROPHRT\.jdks\openjdk-21.0.2\bin"/>
    <property name="sun.java.command" value="C:\Users\PROPHRT\AppData\Local\Temp\surefire8831754850736720784\surefirebooter-20250226030307767_3.jar C:\Users\PROPHRT\AppData\Local\Temp\surefire8831754850736720784 2025-02-26T03-03-03_846-jvmRun1 surefire-20250226030307767_1tmp surefire_0-20250226030307767_2tmp"/>
    <property name="jdk.debug" value="release"/>
    <property name="surefire.test.class.path" value="D:\workspace\projects\itheima_web_project\springboot-mybatis-crud\target\test-classes;D:\workspace\projects\itheima_web_project\springboot-mybatis-crud\target\classes;D:\software\maven\apache-maven-3.9.6-bin\apache-maven-3.9.6\maven_repo\org\mybatis\spring\boot\mybatis-spring-boot-starter\3.0.4\mybatis-spring-boot-starter-3.0.4.jar;D:\software\maven\apache-maven-3.9.6-bin\apache-maven-3.9.6\maven_repo\org\springframework\boot\spring-boot-starter\3.4.3\spring-boot-starter-3.4.3.jar;D:\software\maven\apache-maven-3.9.6-bin\apache-maven-3.9.6\maven_repo\org\springframework\boot\spring-boot\3.4.3\spring-boot-3.4.3.jar;D:\software\maven\apache-maven-3.9.6-bin\apache-maven-3.9.6\maven_repo\org\springframework\spring-context\6.2.3\spring-context-6.2.3.jar;D:\software\maven\apache-maven-3.9.6-bin\apache-maven-3.9.6\maven_repo\org\springframework\spring-aop\6.2.3\spring-aop-6.2.3.jar;D:\software\maven\apache-maven-3.9.6-bin\apache-maven-3.9.6\maven_repo\org\springframework\spring-expression\6.2.3\spring-expression-6.2.3.jar;D:\software\maven\apache-maven-3.9.6-bin\apache-maven-3.9.6\maven_repo\io\micrometer\micrometer-observation\1.14.4\micrometer-observation-1.14.4.jar;D:\software\maven\apache-maven-3.9.6-bin\apache-maven-3.9.6\maven_repo\io\micrometer\micrometer-commons\1.14.4\micrometer-commons-1.14.4.jar;D:\software\maven\apache-maven-3.9.6-bin\apache-maven-3.9.6\maven_repo\org\springframework\boot\spring-boot-autoconfigure\3.4.3\spring-boot-autoconfigure-3.4.3.jar;D:\software\maven\apache-maven-3.9.6-bin\apache-maven-3.9.6\maven_repo\org\springframework\boot\spring-boot-starter-logging\3.4.3\spring-boot-starter-logging-3.4.3.jar;D:\software\maven\apache-maven-3.9.6-bin\apache-maven-3.9.6\maven_repo\ch\qos\logback\logback-classic\1.5.16\logback-classic-1.5.16.jar;D:\software\maven\apache-maven-3.9.6-bin\apache-maven-3.9.6\maven_repo\ch\qos\logback\logback-core\1.5.16\logback-core-1.5.16.jar;D:\software\maven\apache-maven-3.9.6-bin\apache-maven-3.9.6\maven_repo\org\apache\logging\log4j\log4j-to-slf4j\2.24.3\log4j-to-slf4j-2.24.3.jar;D:\software\maven\apache-maven-3.9.6-bin\apache-maven-3.9.6\maven_repo\org\apache\logging\log4j\log4j-api\2.24.3\log4j-api-2.24.3.jar;D:\software\maven\apache-maven-3.9.6-bin\apache-maven-3.9.6\maven_repo\org\slf4j\jul-to-slf4j\2.0.16\jul-to-slf4j-2.0.16.jar;D:\software\maven\apache-maven-3.9.6-bin\apache-maven-3.9.6\maven_repo\jakarta\annotation\jakarta.annotation-api\2.1.1\jakarta.annotation-api-2.1.1.jar;D:\software\maven\apache-maven-3.9.6-bin\apache-maven-3.9.6\maven_repo\org\yaml\snakeyaml\2.3\snakeyaml-2.3.jar;D:\software\maven\apache-maven-3.9.6-bin\apache-maven-3.9.6\maven_repo\org\springframework\boot\spring-boot-starter-jdbc\3.4.3\spring-boot-starter-jdbc-3.4.3.jar;D:\software\maven\apache-maven-3.9.6-bin\apache-maven-3.9.6\maven_repo\com\zaxxer\HikariCP\5.1.0\HikariCP-5.1.0.jar;D:\software\maven\apache-maven-3.9.6-bin\apache-maven-3.9.6\maven_repo\org\springframework\spring-jdbc\6.2.3\spring-jdbc-6.2.3.jar;D:\software\maven\apache-maven-3.9.6-bin\apache-maven-3.9.6\maven_repo\org\springframework\spring-beans\6.2.3\spring-beans-6.2.3.jar;D:\software\maven\apache-maven-3.9.6-bin\apache-maven-3.9.6\maven_repo\org\mybatis\spring\boot\mybatis-spring-boot-autoconfigure\3.0.4\mybatis-spring-boot-autoconfigure-3.0.4.jar;D:\software\maven\apache-maven-3.9.6-bin\apache-maven-3.9.6\maven_repo\org\mybatis\mybatis\3.5.17\mybatis-3.5.17.jar;D:\software\maven\apache-maven-3.9.6-bin\apache-maven-3.9.6\maven_repo\org\mybatis\mybatis-spring\3.0.4\mybatis-spring-3.0.4.jar;D:\software\maven\apache-maven-3.9.6-bin\apache-maven-3.9.6\maven_repo\com\mysql\mysql-connector-j\9.1.0\mysql-connector-j-9.1.0.jar;D:\software\maven\apache-maven-3.9.6-bin\apache-maven-3.9.6\maven_repo\org\projectlombok\lombok\1.18.36\lombok-1.18.36.jar;D:\software\maven\apache-maven-3.9.6-bin\apache-maven-3.9.6\maven_repo\org\springframework\boot\spring-boot-starter-test\3.4.3\spring-boot-starter-test-3.4.3.jar;D:\software\maven\apache-maven-3.9.6-bin\apache-maven-3.9.6\maven_repo\org\springframework\boot\spring-boot-test\3.4.3\spring-boot-test-3.4.3.jar;D:\software\maven\apache-maven-3.9.6-bin\apache-maven-3.9.6\maven_repo\org\springframework\boot\spring-boot-test-autoconfigure\3.4.3\spring-boot-test-autoconfigure-3.4.3.jar;D:\software\maven\apache-maven-3.9.6-bin\apache-maven-3.9.6\maven_repo\com\jayway\jsonpath\json-path\2.9.0\json-path-2.9.0.jar;D:\software\maven\apache-maven-3.9.6-bin\apache-maven-3.9.6\maven_repo\org\slf4j\slf4j-api\2.0.16\slf4j-api-2.0.16.jar;D:\software\maven\apache-maven-3.9.6-bin\apache-maven-3.9.6\maven_repo\jakarta\xml\bind\jakarta.xml.bind-api\4.0.2\jakarta.xml.bind-api-4.0.2.jar;D:\software\maven\apache-maven-3.9.6-bin\apache-maven-3.9.6\maven_repo\jakarta\activation\jakarta.activation-api\2.1.3\jakarta.activation-api-2.1.3.jar;D:\software\maven\apache-maven-3.9.6-bin\apache-maven-3.9.6\maven_repo\net\minidev\json-smart\2.5.2\json-smart-2.5.2.jar;D:\software\maven\apache-maven-3.9.6-bin\apache-maven-3.9.6\maven_repo\net\minidev\accessors-smart\2.5.2\accessors-smart-2.5.2.jar;D:\software\maven\apache-maven-3.9.6-bin\apache-maven-3.9.6\maven_repo\org\ow2\asm\asm\9.7.1\asm-9.7.1.jar;D:\software\maven\apache-maven-3.9.6-bin\apache-maven-3.9.6\maven_repo\org\assertj\assertj-core\3.26.3\assertj-core-3.26.3.jar;D:\software\maven\apache-maven-3.9.6-bin\apache-maven-3.9.6\maven_repo\net\bytebuddy\byte-buddy\1.15.11\byte-buddy-1.15.11.jar;D:\software\maven\apache-maven-3.9.6-bin\apache-maven-3.9.6\maven_repo\org\awaitility\awaitility\4.2.2\awaitility-4.2.2.jar;D:\software\maven\apache-maven-3.9.6-bin\apache-maven-3.9.6\maven_repo\org\hamcrest\hamcrest\2.2\hamcrest-2.2.jar;D:\software\maven\apache-maven-3.9.6-bin\apache-maven-3.9.6\maven_repo\org\junit\jupiter\junit-jupiter\5.11.4\junit-jupiter-5.11.4.jar;D:\software\maven\apache-maven-3.9.6-bin\apache-maven-3.9.6\maven_repo\org\junit\jupiter\junit-jupiter-api\5.11.4\junit-jupiter-api-5.11.4.jar;D:\software\maven\apache-maven-3.9.6-bin\apache-maven-3.9.6\maven_repo\org\opentest4j\opentest4j\1.3.0\opentest4j-1.3.0.jar;D:\software\maven\apache-maven-3.9.6-bin\apache-maven-3.9.6\maven_repo\org\junit\platform\junit-platform-commons\1.11.4\junit-platform-commons-1.11.4.jar;D:\software\maven\apache-maven-3.9.6-bin\apache-maven-3.9.6\maven_repo\org\apiguardian\apiguardian-api\1.1.2\apiguardian-api-1.1.2.jar;D:\software\maven\apache-maven-3.9.6-bin\apache-maven-3.9.6\maven_repo\org\junit\jupiter\junit-jupiter-params\5.11.4\junit-jupiter-params-5.11.4.jar;D:\software\maven\apache-maven-3.9.6-bin\apache-maven-3.9.6\maven_repo\org\junit\jupiter\junit-jupiter-engine\5.11.4\junit-jupiter-engine-5.11.4.jar;D:\software\maven\apache-maven-3.9.6-bin\apache-maven-3.9.6\maven_repo\org\junit\platform\junit-platform-engine\1.11.4\junit-platform-engine-1.11.4.jar;D:\software\maven\apache-maven-3.9.6-bin\apache-maven-3.9.6\maven_repo\org\mockito\mockito-core\5.14.2\mockito-core-5.14.2.jar;D:\software\maven\apache-maven-3.9.6-bin\apache-maven-3.9.6\maven_repo\net\bytebuddy\byte-buddy-agent\1.15.11\byte-buddy-agent-1.15.11.jar;D:\software\maven\apache-maven-3.9.6-bin\apache-maven-3.9.6\maven_repo\org\objenesis\objenesis\3.3\objenesis-3.3.jar;D:\software\maven\apache-maven-3.9.6-bin\apache-maven-3.9.6\maven_repo\org\mockito\mockito-junit-jupiter\5.14.2\mockito-junit-jupiter-5.14.2.jar;D:\software\maven\apache-maven-3.9.6-bin\apache-maven-3.9.6\maven_repo\org\skyscreamer\jsonassert\1.5.3\jsonassert-1.5.3.jar;D:\software\maven\apache-maven-3.9.6-bin\apache-maven-3.9.6\maven_repo\com\vaadin\external\google\android-json\0.0.20131108.vaadin1\android-json-0.0.20131108.vaadin1.jar;D:\software\maven\apache-maven-3.9.6-bin\apache-maven-3.9.6\maven_repo\org\springframework\spring-core\6.2.3\spring-core-6.2.3.jar;D:\software\maven\apache-maven-3.9.6-bin\apache-maven-3.9.6\maven_repo\org\springframework\spring-jcl\6.2.3\spring-jcl-6.2.3.jar;D:\software\maven\apache-maven-3.9.6-bin\apache-maven-3.9.6\maven_repo\org\springframework\spring-test\6.2.3\spring-test-6.2.3.jar;D:\software\maven\apache-maven-3.9.6-bin\apache-maven-3.9.6\maven_repo\org\xmlunit\xmlunit-core\2.10.0\xmlunit-core-2.10.0.jar;D:\software\maven\apache-maven-3.9.6-bin\apache-maven-3.9.6\maven_repo\org\mybatis\spring\boot\mybatis-spring-boot-starter-test\3.0.4\mybatis-spring-boot-starter-test-3.0.4.jar;D:\software\maven\apache-maven-3.9.6-bin\apache-maven-3.9.6\maven_repo\org\mybatis\spring\boot\mybatis-spring-boot-test-autoconfigure\3.0.4\mybatis-spring-boot-test-autoconfigure-3.0.4.jar;D:\software\maven\apache-maven-3.9.6-bin\apache-maven-3.9.6\maven_repo\org\springframework\spring-tx\6.2.3\spring-tx-6.2.3.jar;"/>
    <property name="sun.cpu.endian" value="little"/>
    <property name="user.home" value="C:\Users\PROPHRT"/>
    <property name="user.language" value="zh"/>
    <property name="java.specification.vendor" value="Oracle Corporation"/>
    <property name="java.version.date" value="2024-01-16"/>
    <property name="java.home" value="C:\Users\PROPHRT\.jdks\openjdk-21.0.2"/>
    <property name="file.separator" value="\"/>
    <property name="basedir" value="D:\workspace\projects\itheima_web_project\springboot-mybatis-crud"/>
    <property name="java.vm.compressedOopsMode" value="Zero based"/>
    <property name="line.separator" value="&#10;"/>
    <property name="java.vm.specification.vendor" value="Oracle Corporation"/>
    <property name="java.specification.name" value="Java Platform API Specification"/>
    <property name="FILE_LOG_CHARSET" value="UTF-8"/>
    <property name="java.awt.headless" value="true"/>
    <property name="surefire.real.class.path" value="C:\Users\PROPHRT\AppData\Local\Temp\surefire8831754850736720784\surefirebooter-20250226030307767_3.jar"/>
    <property name="user.script" value=""/>
    <property name="sun.management.compiler" value="HotSpot 64-Bit Tiered Compilers"/>
    <property name="java.runtime.version" value="21.0.2+13-58"/>
    <property name="user.name" value="PROPHRT"/>
    <property name="stdout.encoding" value="GBK"/>
    <property name="path.separator" value=";"/>
    <property name="os.version" value="10.0"/>
    <property name="java.runtime.name" value="OpenJDK Runtime Environment"/>
    <property name="file.encoding" value="UTF-8"/>
    <property name="java.vm.name" value="OpenJDK 64-Bit Server VM"/>
    <property name="localRepository" value="D:\software\maven\apache-maven-3.9.6-bin\apache-maven-3.9.6\maven_repo"/>
    <property name="java.vendor.url.bug" value="https://bugreport.java.com/bugreport/"/>
    <property name="java.io.tmpdir" value="C:\Users\PROPHRT\AppData\Local\Temp\"/>
    <property name="idea.version" value="2023.2"/>
    <property name="com.zaxxer.hikari.pool_number" value="1"/>
    <property name="java.version" value="21.0.2"/>
    <property name="user.dir" value="D:\workspace\projects\itheima_web_project\springboot-mybatis-crud"/>
    <property name="os.arch" value="amd64"/>
    <property name="java.vm.specification.name" value="Java Virtual Machine Specification"/>
    <property name="PID" value="33080"/>
    <property name="sun.os.patch.level" value=""/>
    <property name="CONSOLE_LOG_CHARSET" value="UTF-8"/>
    <property name="native.encoding" value="GBK"/>
    <property name="java.library.path" value="C:\Users\PROPHRT\.jdks\openjdk-21.0.2\bin;C:\WINDOWS\Sun\Java\bin;C:\WINDOWS\system32;C:\WINDOWS;C:\Program Files\Common Files\Oracle\Java\javapath;C:\WINDOWS\system32;C:\WINDOWS;C:\WINDOWS\System32\Wbem;C:\WINDOWS\System32\WindowsPowerShell\v1.0\;C:\WINDOWS\System32\OpenSSH\;D:\software\node\nodejs\;D:\software\git\Git\cmd;C:\Program Files\dotnet\;C:\Program Files (x86)\NVIDIA Corporation\PhysX\Common;D:\software\maven\apache-maven-3.9.6-bin\apache-maven-3.9.6\bin;;C:\Program Files\NVIDIA Corporation\NVIDIA app\NvDLISR;C:\Users\PROPHRT\AppData\Local\Microsoft\WindowsApps;D:\software\vscode\Microsoft VS Code\bin;C:\Users\PROPHRT\AppData\Roaming\npm;D:\software\IDEA\IntelliJ IDEA 2023.2\bin;;D:\software\MySQL\dataGrip\DataGrip 2023.2\bin;;D:\software\MySQL\mySql\mysql-8.3.0-winx64\bin;;."/>
    <property name="java.vm.info" value="mixed mode, sharing"/>
    <property name="stderr.encoding" value="GBK"/>
    <property name="java.vendor" value="Oracle Corporation"/>
    <property name="java.vm.version" value="21.0.2+13-58"/>
    <property name="sun.io.unicode.encoding" value="UnicodeLittle"/>
    <property name="java.class.version" value="65.0"/>
    <property name="LOGGED_APPLICATION_NAME" value="[springboot-mybatis-quickstart] "/>
  </properties>
  <testcase name="testDelete" classname="com.example.SpringbootMybatisCrudApplicationTests" time="0.728">
    <system-out><![CDATA[03:03:08.308 [main] INFO org.springframework.test.context.support.AnnotationConfigContextLoaderUtils -- Could not detect default configuration classes for test class [com.example.SpringbootMybatisCrudApplicationTests]: SpringbootMybatisCrudApplicationTests does not declare any static, non-private, non-final, nested classes annotated with @Configuration.
03:03:08.366 [main] INFO org.springframework.boot.test.context.SpringBootTestContextBootstrapper -- Found @SpringBootConfiguration com.example.SpringbootMybatisCrudApplication for test class com.example.SpringbootMybatisCrudApplicationTests

  .   ____          _            __ _ _
 /\\ / ___'_ __ _ _(_)_ __  __ _ \ \ \ \
( ( )\___ | '_ | '_| | '_ \/ _` | \ \ \ \
 \\/  ___)| |_)| | | | | || (_| |  ) ) ) )
  '  |____| .__|_| |_|_| |_\__, | / / / /
 =========|_|==============|___/=/_/_/_/

 :: Spring Boot ::                (v3.4.3)

2025-02-26T03:03:08.583+08:00  INFO 33080 --- [springboot-mybatis-quickstart] [           main] .e.SpringbootMybatisCrudApplicationTests : Starting SpringbootMybatisCrudApplicationTests using Java 21.0.2 with PID 33080 (started by PROPHRT in D:\workspace\projects\itheima_web_project\springboot-mybatis-crud)
2025-02-26T03:03:08.584+08:00  INFO 33080 --- [springboot-mybatis-quickstart] [           main] .e.SpringbootMybatisCrudApplicationTests : No active profile set, falling back to 1 default profile: "default"
Logging initialized using 'class org.apache.ibatis.logging.stdout.StdOutImpl' adapter.
2025-02-26T03:03:09.178+08:00  INFO 33080 --- [springboot-mybatis-quickstart] [           main] .e.SpringbootMybatisCrudApplicationTests : Started SpringbootMybatisCrudApplicationTests in 0.733 seconds (process running for 1.344)
Creating a new SqlSession
SqlSession [org.apache.ibatis.session.defaults.DefaultSqlSession@61359e87] was not registered for synchronization because synchronization is not active
2025-02-26T03:03:09.642+08:00  INFO 33080 --- [springboot-mybatis-quickstart] [           main] com.zaxxer.hikari.HikariDataSource       : HikariPool-1 - Starting...
2025-02-26T03:03:09.881+08:00  INFO 33080 --- [springboot-mybatis-quickstart] [           main] com.zaxxer.hikari.pool.HikariPool        : HikariPool-1 - Added connection com.mysql.cj.jdbc.ConnectionImpl@76596288
2025-02-26T03:03:09.884+08:00  INFO 33080 --- [springboot-mybatis-quickstart] [           main] com.zaxxer.hikari.HikariDataSource       : HikariPool-1 - Start completed.
JDBC Connection [HikariProxyConnection@1035062904 wrapping com.mysql.cj.jdbc.ConnectionImpl@76596288] will not be managed by Spring
==>  Preparing: delete from emp where id = ?
==> Parameters: 18(Integer)
<==    Updates: 0
Closing non transactional SqlSession [org.apache.ibatis.session.defaults.DefaultSqlSession@61359e87]
0
]]></system-out>
    <system-err><![CDATA[Mockito is currently self-attaching to enable the inline-mock-maker. This will no longer work in future releases of the JDK. Please add Mockito as an agent to your build what is described in Mockito's documentation: https://javadoc.io/doc/org.mockito/mockito-core/latest/org/mockito/Mockito.html#0.3
WARNING: A Java agent has been loaded dynamically (D:\software\maven\apache-maven-3.9.6-bin\apache-maven-3.9.6\maven_repo\net\bytebuddy\byte-buddy-agent\1.15.11\byte-buddy-agent-1.15.11.jar)
WARNING: If a serviceability tool is in use, please run with -XX:+EnableDynamicAgentLoading to hide this warning
WARNING: If a serviceability tool is not in use, please run with -Djdk.instrument.traceUsage for more information
WARNING: Dynamic loading of agents will be disallowed by default in a future release
]]></system-err>
  </testcase>
  <testcase name="testInsert" classname="com.example.SpringbootMybatisCrudApplicationTests" time="0.007">
    <error message="&#10;### Error updating database.  Cause: org.apache.ibatis.reflection.ReflectionException: There is no getter for property named &apos;entryData&apos; in &apos;class com.example.pojo.Emp&apos;&#10;### The error may exist in com/example/mapper/EmpMapper.java (best guess)&#10;### The error may involve com.example.mapper.EmpMapper.insert-Inline&#10;### The error occurred while setting parameters&#10;### SQL: insert into emp(username, name, gender, image, job, entryDate, dept_id, create_time, update_time)values (?, ?, ?, ?, ?, ?, ?, ?, ?)&#10;### Cause: org.apache.ibatis.reflection.ReflectionException: There is no getter for property named &apos;entryData&apos; in &apos;class com.example.pojo.Emp&apos;" type="org.mybatis.spring.MyBatisSystemException"><![CDATA[org.mybatis.spring.MyBatisSystemException: 

### Error updating database.  Cause: org.apache.ibatis.reflection.ReflectionException: There is no getter for property named 'entryData' in 'class com.example.pojo.Emp'
### The error may exist in com/example/mapper/EmpMapper.java (best guess)
### The error may involve com.example.mapper.EmpMapper.insert-Inline
### The error occurred while setting parameters
### SQL: insert into emp(username, name, gender, image, job, entryDate, dept_id, create_time, update_time)values (?, ?, ?, ?, ?, ?, ?, ?, ?)
### Cause: org.apache.ibatis.reflection.ReflectionException: There is no getter for property named 'entryData' in 'class com.example.pojo.Emp'
	at org.mybatis.spring.MyBatisExceptionTranslator.translateExceptionIfPossible(MyBatisExceptionTranslator.java:99)
	at org.mybatis.spring.SqlSessionTemplate$SqlSessionInterceptor.invoke(SqlSessionTemplate.java:347)
	at jdk.proxy2/jdk.proxy2.$Proxy51.insert(Unknown Source)
	at org.mybatis.spring.SqlSessionTemplate.insert(SqlSessionTemplate.java:224)
	at org.apache.ibatis.binding.MapperMethod.execute(MapperMethod.java:62)
	at org.apache.ibatis.binding.MapperProxy$PlainMethodInvoker.invoke(MapperProxy.java:141)
	at org.apache.ibatis.binding.MapperProxy.invoke(MapperProxy.java:86)
	at jdk.proxy2/jdk.proxy2.$Proxy57.insert(Unknown Source)
	at com.example.SpringbootMybatisCrudApplicationTests.testInsert(SpringbootMybatisCrudApplicationTests.java:34)
	at java.base/java.lang.reflect.Method.invoke(Method.java:580)
	at java.base/java.util.ArrayList.forEach(ArrayList.java:1596)
	at java.base/java.util.ArrayList.forEach(ArrayList.java:1596)
Caused by: org.apache.ibatis.reflection.ReflectionException: There is no getter for property named 'entryData' in 'class com.example.pojo.Emp'
	at org.apache.ibatis.reflection.Reflector.getGetInvoker(Reflector.java:385)
	at org.apache.ibatis.reflection.MetaClass.getGetInvoker(MetaClass.java:160)
	at org.apache.ibatis.reflection.wrapper.BeanWrapper.getBeanProperty(BeanWrapper.java:156)
	at org.apache.ibatis.reflection.wrapper.BeanWrapper.get(BeanWrapper.java:50)
	at org.apache.ibatis.reflection.MetaObject.getValue(MetaObject.java:115)
	at org.apache.ibatis.scripting.defaults.DefaultParameterHandler.setParameters(DefaultParameterHandler.java:82)
	at org.apache.ibatis.executor.statement.PreparedStatementHandler.parameterize(PreparedStatementHandler.java:97)
	at org.apache.ibatis.executor.statement.RoutingStatementHandler.parameterize(RoutingStatementHandler.java:65)
	at org.apache.ibatis.executor.SimpleExecutor.prepareStatement(SimpleExecutor.java:91)
	at org.apache.ibatis.executor.SimpleExecutor.doUpdate(SimpleExecutor.java:49)
	at org.apache.ibatis.executor.BaseExecutor.update(BaseExecutor.java:117)
	at org.apache.ibatis.executor.CachingExecutor.update(CachingExecutor.java:76)
	at org.apache.ibatis.session.defaults.DefaultSqlSession.update(DefaultSqlSession.java:197)
	at org.apache.ibatis.session.defaults.DefaultSqlSession.insert(DefaultSqlSession.java:184)
	at java.base/jdk.internal.reflect.DirectMethodHandleAccessor.invoke(DirectMethodHandleAccessor.java:103)
	at java.base/java.lang.reflect.Method.invoke(Method.java:580)
	at org.mybatis.spring.SqlSessionTemplate$SqlSessionInterceptor.invoke(SqlSessionTemplate.java:333)
	... 10 more
]]></error>
    <system-out><![CDATA[Creating a new SqlSession
SqlSession [org.apache.ibatis.session.defaults.DefaultSqlSession@6d8b7ea9] was not registered for synchronization because synchronization is not active
JDBC Connection [HikariProxyConnection@1513743700 wrapping com.mysql.cj.jdbc.ConnectionImpl@76596288] will not be managed by Spring
==>  Preparing: insert into emp(username, name, gender, image, job, entryDate, dept_id, create_time, update_time)values (?, ?, ?, ?, ?, ?, ?, ?, ?)
Closing non transactional SqlSession [org.apache.ibatis.session.defaults.DefaultSqlSession@6d8b7ea9]
]]></system-out>
  </testcase>
</testsuite>